[2024-10-08 14:41:29] ERROR: Connect MysqlDriver failed: SQLSTATE[HY000] [1049] Unknown database 'http://local.web/' in /Users/macvn/Documents/www/domainweb.com/system/Drivers/Database/MysqlDriver.php on line 23
[2024-10-08 14:41:31] ERROR: Connect MysqlDriver failed: SQLSTATE[HY000] [1049] Unknown database 'http://local.web/' in /Users/macvn/Documents/www/domainweb.com/system/Drivers/Database/MysqlDriver.php on line 23
[2024-10-08 14:41:31] ERROR: Connect MysqlDriver failed: SQLSTATE[HY000] [1049] Unknown database 'http://local.web/' in /Users/macvn/Documents/www/domainweb.com/system/Drivers/Database/MysqlDriver.php on line 23
[2024-10-08 14:41:31] ERROR: Connect MysqlDriver failed: SQLSTATE[HY000] [1049] Unknown database 'http://local.web/' in /Users/macvn/Documents/www/domainweb.com/system/Drivers/Database/MysqlDriver.php on line 23
[2024-10-08 14:41:48] ERROR: Connect MysqlDriver failed: SQLSTATE[HY000] [1049] Unknown database 'http://local.web/' in /Users/macvn/Documents/www/domainweb.com/system/Drivers/Database/MysqlDriver.php on line 23
[2024-10-08 14:41:48] ERROR: Connect MysqlDriver failed: SQLSTATE[HY000] [1049] Unknown database 'http://local.web/' in /Users/macvn/Documents/www/domainweb.com/system/Drivers/Database/MysqlDriver.php on line 23
[2024-10-08 14:42:17] ERROR: Connect MysqlDriver failed: SQLSTATE[HY000] [2002] php_network_getaddresses: getaddrinfo for http failed: nodename nor servname provided, or not known in /Users/macvn/Documents/www/domainweb.com/system/Drivers/Database/MysqlDriver.php on line 23
[2024-10-08 14:42:22] ERROR: Connect MysqlDriver failed: SQLSTATE[HY000] [2002] php_network_getaddresses: getaddrinfo for http failed: nodename nor servname provided, or not known in /Users/macvn/Documents/www/domainweb.com/system/Drivers/Database/MysqlDriver.php on line 23
[2024-10-08 14:42:43] ERROR: Connect MysqlDriver failed: SQLSTATE[HY000] [2002] php_network_getaddresses: getaddrinfo for http failed: nodename nor servname provided, or not known in /Users/macvn/Documents/www/domainweb.com/system/Drivers/Database/MysqlDriver.php on line 23
[2024-10-08 14:42:44] ERROR: Connect MysqlDriver failed: SQLSTATE[HY000] [2002] php_network_getaddresses: getaddrinfo for http failed: nodename nor servname provided, or not known in /Users/macvn/Documents/www/domainweb.com/system/Drivers/Database/MysqlDriver.php on line 23
[2024-10-08 14:42:44] ERROR: Connect MysqlDriver failed: SQLSTATE[HY000] [2002] php_network_getaddresses: getaddrinfo for http failed: nodename nor servname provided, or not known in /Users/macvn/Documents/www/domainweb.com/system/Drivers/Database/MysqlDriver.php on line 23
[2024-10-08 14:42:48] ERROR: Controller App\Controllers\MoviesController not found. in /Users/macvn/Documents/www/domainweb.com/system/Core/Bootstrap.php on line 108
[2024-10-08 14:43:09] ERROR: Connect MysqlDriver failed: SQLSTATE[HY000] [2002] php_network_getaddresses: getaddrinfo for http failed: nodename nor servname provided, or not known in /Users/macvn/Documents/www/domainweb.com/system/Drivers/Database/MysqlDriver.php on line 23
[2024-10-08 14:43:44] ERROR: Connect MysqlDriver failed: SQLSTATE[HY000] [2002] php_network_getaddresses: getaddrinfo for http failed: nodename nor servname provided, or not known in /Users/macvn/Documents/www/domainweb.com/system/Drivers/Database/MysqlDriver.php on line 23
[2024-10-08 15:05:44] ERROR: Action image not found in App\Controllers\Backend\AuthController Controller. in /Users/macvn/Documents/www/domainweb.com/system/Core/Bootstrap.php on line 115
[2024-10-08 15:07:45] ERROR: Action image not found in App\Controllers\Backend\AuthController Controller. in /Users/macvn/Documents/www/domainweb.com/system/Core/Bootstrap.php on line 115
[2024-10-08 15:08:20] ERROR: Action image not found in App\Controllers\Backend\AuthController Controller. in /Users/macvn/Documents/www/domainweb.com/system/Core/Bootstrap.php on line 115
[2024-10-08 15:09:48] ERROR: Action image not found in App\Controllers\Backend\AuthController Controller. in /Users/macvn/Documents/www/domainweb.com/system/Core/Bootstrap.php on line 115
[2024-10-08 15:14:18] ERROR: Action image not found in App\Controllers\Backend\AuthController Controller. in /Users/macvn/Documents/www/domainweb.com/system/Core/Bootstrap.php on line 115
[2024-10-08 15:23:23] ERROR: Action image not found in App\Controllers\Backend\AuthController Controller. in /Users/macvn/Documents/www/domainweb.com/system/Core/Bootstrap.php on line 115
[2024-10-08 15:23:27] ERROR: Action image not found in App\Controllers\Backend\AuthController Controller. in /Users/macvn/Documents/www/domainweb.com/system/Core/Bootstrap.php on line 115
[2024-10-08 15:23:27] ERROR: Action image not found in App\Controllers\Backend\AuthController Controller. in /Users/macvn/Documents/www/domainweb.com/system/Core/Bootstrap.php on line 115
[2024-10-08 15:23:28] ERROR: Action image not found in App\Controllers\Backend\AuthController Controller. in /Users/macvn/Documents/www/domainweb.com/system/Core/Bootstrap.php on line 115
[2024-10-08 15:24:40] ERROR: Action image not found in App\Controllers\Backend\AuthController Controller. in /Users/macvn/Documents/www/domainweb.com/system/Core/Bootstrap.php on line 115
[2024-10-08 15:24:42] ERROR: Action image not found in App\Controllers\Backend\AuthController Controller. in /Users/macvn/Documents/www/domainweb.com/system/Core/Bootstrap.php on line 115
[2024-10-08 15:24:47] ERROR: Action image not found in App\Controllers\Backend\AuthController Controller. in /Users/macvn/Documents/www/domainweb.com/system/Core/Bootstrap.php on line 115
[2024-10-08 15:24:47] ERROR: Action image not found in App\Controllers\Backend\AuthController Controller. in /Users/macvn/Documents/www/domainweb.com/system/Core/Bootstrap.php on line 115
[2024-10-08 15:24:47] ERROR: Action image not found in App\Controllers\Backend\AuthController Controller. in /Users/macvn/Documents/www/domainweb.com/system/Core/Bootstrap.php on line 115
[2024-10-08 15:24:47] ERROR: Action image not found in App\Controllers\Backend\AuthController Controller. in /Users/macvn/Documents/www/domainweb.com/system/Core/Bootstrap.php on line 115
[2024-10-08 15:24:48] ERROR: Action image not found in App\Controllers\Backend\AuthController Controller. in /Users/macvn/Documents/www/domainweb.com/system/Core/Bootstrap.php on line 115
[2024-10-08 15:24:48] ERROR: Action image not found in App\Controllers\Backend\AuthController Controller. in /Users/macvn/Documents/www/domainweb.com/system/Core/Bootstrap.php on line 115
[2024-10-08 15:24:48] ERROR: Action image not found in App\Controllers\Backend\AuthController Controller. in /Users/macvn/Documents/www/domainweb.com/system/Core/Bootstrap.php on line 115
[2024-10-08 15:24:48] ERROR: Action image not found in App\Controllers\Backend\AuthController Controller. in /Users/macvn/Documents/www/domainweb.com/system/Core/Bootstrap.php on line 115
[2024-10-08 15:24:48] ERROR: Action image not found in App\Controllers\Backend\AuthController Controller. in /Users/macvn/Documents/www/domainweb.com/system/Core/Bootstrap.php on line 115
[2024-10-08 15:24:48] ERROR: Action image not found in App\Controllers\Backend\AuthController Controller. in /Users/macvn/Documents/www/domainweb.com/system/Core/Bootstrap.php on line 115
[2024-10-08 15:25:35] ERROR: Action image not found in App\Controllers\Backend\AuthController Controller. in /Users/macvn/Documents/www/domainweb.com/system/Core/Bootstrap.php on line 115
[2024-10-08 15:26:22] ERROR: Action image not found in App\Controllers\Backend\AuthController Controller. in /Users/macvn/Documents/www/domainweb.com/system/Core/Bootstrap.php on line 115
[2024-10-08 15:26:23] ERROR: Action image not found in App\Controllers\Backend\AuthController Controller. in /Users/macvn/Documents/www/domainweb.com/system/Core/Bootstrap.php on line 115
[2024-10-08 15:29:25] ERROR: Action image not found in App\Controllers\Backend\AuthController Controller. in /Users/macvn/Documents/www/domainweb.com/system/Core/Bootstrap.php on line 115
[2024-10-08 15:29:41] ERROR: Action image not found in App\Controllers\Backend\AuthController Controller. in /Users/macvn/Documents/www/domainweb.com/system/Core/Bootstrap.php on line 115
[2024-10-08 15:30:19] ERROR: Action image not found in App\Controllers\Backend\AuthController Controller. in /Users/macvn/Documents/www/domainweb.com/system/Core/Bootstrap.php on line 115
[2024-10-08 15:30:21] ERROR: Action image not found in App\Controllers\Backend\AuthController Controller. in /Users/macvn/Documents/www/domainweb.com/system/Core/Bootstrap.php on line 115
[2024-10-08 15:30:23] ERROR: Action image not found in App\Controllers\Backend\AuthController Controller. in /Users/macvn/Documents/www/domainweb.com/system/Core/Bootstrap.php on line 115
[2024-10-08 15:32:01] ERROR: Class "Flang" not found in /Users/macvn/Documents/www/domainweb.com/application/Views/default/backend/auth/login.php on line 276
[2024-10-08 15:32:01] ERROR: Action image not found in App\Controllers\Backend\AuthController Controller. in /Users/macvn/Documents/www/domainweb.com/system/Core/Bootstrap.php on line 115
[2024-10-08 15:32:15] ERROR: Action image not found in App\Controllers\Backend\AuthController Controller. in /Users/macvn/Documents/www/domainweb.com/system/Core/Bootstrap.php on line 115
[2024-10-08 15:34:22] ERROR: Action image not found in App\Controllers\Backend\AuthController Controller. in /Users/macvn/Documents/www/domainweb.com/system/Core/Bootstrap.php on line 115
[2024-10-08 15:34:35] ERROR: Action image not found in App\Controllers\Backend\AuthController Controller. in /Users/macvn/Documents/www/domainweb.com/system/Core/Bootstrap.php on line 115
[2024-10-08 15:34:47] ERROR: Action image not found in App\Controllers\Backend\AuthController Controller. in /Users/macvn/Documents/www/domainweb.com/system/Core/Bootstrap.php on line 115
[2024-10-08 15:50:02] ERROR: Action forgot_password not found in App\Controllers\Backend\AuthController Controller. in /Users/macvn/Documents/www/domainweb.com/system/Core/Bootstrap.php on line 115
[2024-10-08 16:17:52] ERROR: Action reset_password%20 not found in App\Controllers\Backend\AuthController Controller. in /Users/macvn/Documents/www/domainweb.com/system/Core/Bootstrap.php on line 115
[2024-10-08 16:18:07] ERROR: Action reset_password%20 not found in App\Controllers\Backend\AuthController Controller. in /Users/macvn/Documents/www/domainweb.com/system/Core/Bootstrap.php on line 115
[2024-10-08 16:18:46] ERROR: Action reset_password%20 not found in App\Controllers\Backend\AuthController Controller. in /Users/macvn/Documents/www/domainweb.com/system/Core/Bootstrap.php on line 115
[2024-10-08 17:26:50] ERROR: Action languag%C3%A9 not found in App\Controllers\Backend\AuthController Controller. in /Users/macvn/Documents/www/domainweb.com/system/Core/Bootstrap.php on line 115
[2024-10-08 17:26:54] ERROR: Action languages not found in App\Controllers\Backend\AuthController Controller. in /Users/macvn/Documents/www/domainweb.com/system/Core/Bootstrap.php on line 115
[2024-10-08 17:39:42] ERROR: syntax error, unexpected token "if" in /Users/macvn/Documents/www/domainweb.com/application/Controllers/Backend/AuthController.php on line 52
[2024-10-08 17:41:44] ERROR: syntax error, unexpected token "if", expecting "function" in /Users/macvn/Documents/www/domainweb.com/application/Controllers/Backend/AuthController.php on line 51
[2024-10-08 17:43:58] ERROR: syntax error, unexpected token "if", expecting "function" in /Users/macvn/Documents/www/domainweb.com/application/Controllers/Backend/AuthController.php on line 51
[2024-10-08 17:44:05] ERROR: syntax error, unexpected token "if", expecting "function" in /Users/macvn/Documents/www/domainweb.com/application/Controllers/Backend/AuthController.php on line 51
[2024-10-08 17:44:12] ERROR: syntax error, unexpected token "if", expecting "function" in /Users/macvn/Documents/www/domainweb.com/application/Controllers/Backend/AuthController.php on line 51
[2024-10-08 17:44:13] ERROR: syntax error, unexpected token "if", expecting "function" in /Users/macvn/Documents/www/domainweb.com/application/Controllers/Backend/AuthController.php on line 51
[2024-10-08 17:45:21] ERROR: syntax error, unexpected token "if" in /Users/macvn/Documents/www/domainweb.com/application/Controllers/Backend/AuthController.php on line 54
[2024-10-09 09:18:11] ERROR: 404 - Router: /favicon.ico (GET) not found! in /Users/macvn/Documents/www/domainweb.com/system/Core/Bootstrap.php on line 85
[2024-10-09 09:43:44] ERROR: Array callback must have exactly two elements in /Users/macvn/Documents/www/domainweb.com/application/Controllers/Backend/AuthController.php on line 57
[2024-10-09 09:44:22] ERROR: Array callback must have exactly two elements in /Users/macvn/Documents/www/domainweb.com/application/Controllers/Backend/AuthController.php on line 57
[2024-10-09 09:45:42] ERROR: Array callback must have exactly two elements in /Users/macvn/Documents/www/domainweb.com/application/Controllers/Backend/AuthController.php on line 57
[2024-10-09 09:46:17] ERROR: Array callback must have exactly two elements in /Users/macvn/Documents/www/domainweb.com/application/Controllers/Backend/AuthController.php on line 57
[2024-10-09 09:47:38] ERROR: Array callback must have exactly two elements in /Users/macvn/Documents/www/domainweb.com/application/Controllers/Backend/AuthController.php on line 57
[2024-10-09 09:49:33] ERROR: Undefined constant "App\Controllers\Backend\S_POST" in /Users/macvn/Documents/www/domainweb.com/application/Controllers/Backend/AuthController.php on line 58
[2024-10-09 09:59:21] ERROR: 404 - Router: /admin/auth/login (POST) not found! in /Users/macvn/Documents/www/domainweb.com/system/Core/Bootstrap.php on line 85
[2024-10-09 10:01:56] ERROR: 404 - Router: /admin/languages/add (POST) not found! in /Users/macvn/Documents/www/domainweb.com/system/Core/Bootstrap.php on line 85
[2024-10-09 10:04:19] ERROR: 404 - Router: /admin/languages/add (POST) not found! in /Users/macvn/Documents/www/domainweb.com/system/Core/Bootstrap.php on line 85
[2024-10-09 10:05:02] ERROR: 404 - Router: /admin/languages/add (POST) not found! in /Users/macvn/Documents/www/domainweb.com/system/Core/Bootstrap.php on line 85
[2024-10-09 10:05:05] ERROR: 404 - Router: /admin/languages/add (POST) not found! in /Users/macvn/Documents/www/domainweb.com/system/Core/Bootstrap.php on line 85
[2024-10-09 10:05:16] ERROR: 404 - Router: /admin/languages/add (POST) not found! in /Users/macvn/Documents/www/domainweb.com/system/Core/Bootstrap.php on line 85
[2024-10-09 10:08:10] ERROR: syntax error, unexpected token "if" in /Users/macvn/Documents/www/domainweb.com/application/Controllers/Backend/LanguagesController.php on line 39
[2024-10-09 10:08:20] ERROR: syntax error, unexpected token "if" in /Users/macvn/Documents/www/domainweb.com/application/Controllers/Backend/LanguagesController.php on line 39
[2024-10-09 10:08:27] ERROR: 404 - Router: /admin/admin/languages/add (POST) not found! in /Users/macvn/Documents/www/domainweb.com/system/Core/Bootstrap.php on line 85
[2024-10-09 10:08:48] ERROR: Controller App\Controllers\Backend\AdminController not found. in /Users/macvn/Documents/www/domainweb.com/system/Core/Bootstrap.php on line 108
[2024-10-09 10:08:52] ERROR: Controller App\Controllers\Backend\AdminController not found. in /Users/macvn/Documents/www/domainweb.com/system/Core/Bootstrap.php on line 108
[2024-10-09 10:10:17] ERROR: SQLSTATE[22001]: String data, right truncated: 1406 Data too long for column 'code' at row 1 in /Users/macvn/Documents/www/domainweb.com/system/Drivers/Database/MysqlDriver.php on line 185
[2024-10-09 10:29:06] ERROR: Xdebug has detected a possible infinite loop, and aborted your script with a stack depth of '512' frames in /Users/macvn/Documents/www/domainweb.com/vendor/respect/stringifier/src/Stringifiers/TraversableStringifier.php on line 54
[2024-10-09 10:29:10] ERROR: Xdebug has detected a possible infinite loop, and aborted your script with a stack depth of '512' frames in /Users/macvn/Documents/www/domainweb.com/vendor/respect/stringifier/src/Stringifiers/TraversableStringifier.php on line 54
[2024-10-09 10:29:32] ERROR: Xdebug has detected a possible infinite loop, and aborted your script with a stack depth of '512' frames in /Users/macvn/Documents/www/domainweb.com/vendor/respect/stringifier/src/Stringifiers/TraversableStringifier.php on line 54
[2024-10-09 10:29:35] ERROR: Xdebug has detected a possible infinite loop, and aborted your script with a stack depth of '512' frames in /Users/macvn/Documents/www/domainweb.com/vendor/respect/stringifier/src/Stringifiers/TraversableStringifier.php on line 54
[2024-10-09 10:31:26] ERROR: Xdebug has detected a possible infinite loop, and aborted your script with a stack depth of '512' frames in /Users/macvn/Documents/www/domainweb.com/vendor/respect/stringifier/src/Stringifiers/TraversableStringifier.php on line 54
[2024-10-09 10:31:29] ERROR: Xdebug has detected a possible infinite loop, and aborted your script with a stack depth of '512' frames in /Users/macvn/Documents/www/domainweb.com/vendor/respect/stringifier/src/Stringifiers/TraversableStringifier.php on line 54
[2024-10-09 10:31:51] ERROR: Xdebug has detected a possible infinite loop, and aborted your script with a stack depth of '512' frames in /Users/macvn/Documents/www/domainweb.com/vendor/respect/stringifier/src/Stringifiers/TraversableStringifier.php on line 54
[2024-10-09 10:31:59] ERROR: Xdebug has detected a possible infinite loop, and aborted your script with a stack depth of '512' frames in /Users/macvn/Documents/www/domainweb.com/vendor/respect/stringifier/src/Stringifiers/TraversableStringifier.php on line 54
[2024-10-09 10:32:00] ERROR: Xdebug has detected a possible infinite loop, and aborted your script with a stack depth of '512' frames in /Users/macvn/Documents/www/domainweb.com/vendor/respect/stringifier/src/Stringifiers/TraversableStringifier.php on line 54
[2024-10-09 10:32:01] ERROR: Xdebug has detected a possible infinite loop, and aborted your script with a stack depth of '512' frames in /Users/macvn/Documents/www/domainweb.com/vendor/respect/stringifier/src/Stringifiers/TraversableStringifier.php on line 54
[2024-10-09 10:32:02] ERROR: Xdebug has detected a possible infinite loop, and aborted your script with a stack depth of '512' frames in /Users/macvn/Documents/www/domainweb.com/vendor/respect/stringifier/src/Stringifiers/TraversableStringifier.php on line 54
[2024-10-09 10:32:05] ERROR: Xdebug has detected a possible infinite loop, and aborted your script with a stack depth of '512' frames in /Users/macvn/Documents/www/domainweb.com/vendor/respect/stringifier/src/Stringifiers/TraversableStringifier.php on line 54
[2024-10-09 10:32:10] ERROR: Xdebug has detected a possible infinite loop, and aborted your script with a stack depth of '512' frames in /Users/macvn/Documents/www/domainweb.com/vendor/respect/stringifier/src/Stringifiers/TraversableStringifier.php on line 54
[2024-10-09 10:32:11] ERROR: Xdebug has detected a possible infinite loop, and aborted your script with a stack depth of '512' frames in /Users/macvn/Documents/www/domainweb.com/vendor/respect/stringifier/src/Stringifiers/TraversableStringifier.php on line 54
[2024-10-09 10:32:11] ERROR: Xdebug has detected a possible infinite loop, and aborted your script with a stack depth of '512' frames in /Users/macvn/Documents/www/domainweb.com/vendor/respect/stringifier/src/Stringifiers/TraversableStringifier.php on line 54
[2024-10-09 10:32:54] ERROR: syntax error, unexpected variable "$rules" in /Users/macvn/Documents/www/domainweb.com/application/Controllers/Backend/PosttypeController.php on line 53
[2024-10-09 10:33:00] ERROR: syntax error, unexpected variable "$rules" in /Users/macvn/Documents/www/domainweb.com/application/Controllers/Backend/PosttypeController.php on line 53
[2024-10-09 10:33:04] ERROR: syntax error, unexpected variable "$rules" in /Users/macvn/Documents/www/domainweb.com/application/Controllers/Backend/PosttypeController.php on line 53
[2024-10-09 10:33:06] ERROR: syntax error, unexpected variable "$rules" in /Users/macvn/Documents/www/domainweb.com/application/Controllers/Backend/PosttypeController.php on line 53
[2024-10-09 10:39:30] ERROR: Xdebug has detected a possible infinite loop, and aborted your script with a stack depth of '512' frames in /Users/macvn/Documents/www/domainweb.com/vendor/respect/stringifier/src/Stringifiers/TraversableStringifier.php on line 54
[2024-10-09 10:39:33] ERROR: Xdebug has detected a possible infinite loop, and aborted your script with a stack depth of '512' frames in /Users/macvn/Documents/www/domainweb.com/vendor/respect/stringifier/src/Stringifiers/TraversableStringifier.php on line 54
[2024-10-09 10:39:34] ERROR: Xdebug has detected a possible infinite loop, and aborted your script with a stack depth of '512' frames in /Users/macvn/Documents/www/domainweb.com/vendor/respect/stringifier/src/Stringifiers/TraversableStringifier.php on line 54
[2024-10-09 10:39:34] ERROR: Xdebug has detected a possible infinite loop, and aborted your script with a stack depth of '512' frames in /Users/macvn/Documents/www/domainweb.com/vendor/respect/stringifier/src/Stringifiers/TraversableStringifier.php on line 54
[2024-10-09 10:39:35] ERROR: Xdebug has detected a possible infinite loop, and aborted your script with a stack depth of '512' frames in /Users/macvn/Documents/www/domainweb.com/vendor/respect/stringifier/src/Stringifiers/TraversableStringifier.php on line 54
[2024-10-09 10:39:42] ERROR: Xdebug has detected a possible infinite loop, and aborted your script with a stack depth of '512' frames in /Users/macvn/Documents/www/domainweb.com/vendor/respect/stringifier/src/Stringifiers/TraversableStringifier.php on line 54
[2024-10-09 10:39:43] ERROR: Xdebug has detected a possible infinite loop, and aborted your script with a stack depth of '512' frames in /Users/macvn/Documents/www/domainweb.com/vendor/respect/stringifier/src/Stringifiers/TraversableStringifier.php on line 54
[2024-10-09 10:39:43] ERROR: Xdebug has detected a possible infinite loop, and aborted your script with a stack depth of '512' frames in /Users/macvn/Documents/www/domainweb.com/vendor/respect/stringifier/src/Stringifiers/TraversableStringifier.php on line 54
[2024-10-09 10:50:04] ERROR: 404 - Router: /admin/login (GET) not found! in /Users/macvn/Documents/www/domainweb.com/system/Core/Bootstrap.php on line 85
[2024-10-09 10:51:29] ERROR: Action languges not found in App\Controllers\Backend\AuthController Controller. in /Users/macvn/Documents/www/domainweb.com/system/Core/Bootstrap.php on line 115
[2024-10-09 10:51:33] ERROR: Action languages not found in App\Controllers\Backend\AuthController Controller. in /Users/macvn/Documents/www/domainweb.com/system/Core/Bootstrap.php on line 115
[2024-10-09 10:51:36] ERROR: Action languages not found in App\Controllers\Backend\AuthController Controller. in /Users/macvn/Documents/www/domainweb.com/system/Core/Bootstrap.php on line 115
[2024-10-09 10:51:44] ERROR: Action languages not found in App\Controllers\Backend\AuthController Controller. in /Users/macvn/Documents/www/domainweb.com/system/Core/Bootstrap.php on line 115
[2024-10-09 12:20:46] ERROR: 404 - Router: /admin (GET) not found! in C:\laragon\www\phpfast.net\system\Core\Bootstrap.php on line 85
[2024-10-09 12:20:47] ERROR: 404 - Router: /admin (GET) not found! in C:\laragon\www\phpfast.net\system\Core\Bootstrap.php on line 85
[2024-10-09 12:20:48] ERROR: 404 - Router: /admin (GET) not found! in C:\laragon\www\phpfast.net\system\Core\Bootstrap.php on line 85
[2024-10-09 12:20:57] ERROR: 404 - Router: /admin/auth (GET) not found! in C:\laragon\www\phpfast.net\system\Core\Bootstrap.php on line 85
[2024-10-09 12:20:58] ERROR: 404 - Router: /admin/auth (GET) not found! in C:\laragon\www\phpfast.net\system\Core\Bootstrap.php on line 85
[2024-10-09 12:20:58] ERROR: 404 - Router: /admin/auth (GET) not found! in C:\laragon\www\phpfast.net\system\Core\Bootstrap.php on line 85
[2024-10-09 12:21:00] ERROR: 404 - Router: /admin (GET) not found! in C:\laragon\www\phpfast.net\system\Core\Bootstrap.php on line 85
[2024-10-09 12:21:01] ERROR: 404 - Router: /admin (GET) not found! in C:\laragon\www\phpfast.net\system\Core\Bootstrap.php on line 85
